app/build/intermediates/manifest_merge_blame_file/debug/processDebugMainManifest/manifest-merger-blame-debug-report.txt
1<?xml version="1.0" encoding="utf-8"?>
2<manifest xmlns:android="http://schemas.android.com/apk/res/android"
3    package="com.example.ridingbud"
4    android:versionCode="1"
5    android:versionName="1.0" >
6
7    <uses-sdk
8        android:minSdkVersion="24"
9        android:targetSdkVersion="34" />
10
11    <uses-permission android:name="android.permission.INTERNET" />
11-->src\main\AndroidManifest.xml:5:5-67
11-->src\main\AndroidManifest.xml:5:22-64
12    <uses-permission android:name="android.permission.ACCESS_COARSE_LOCATION" />
12-->src\main\AndroidManifest.xml:7:5-81
12-->src\main\AndroidManifest.xml:7:22-78
13    <uses-permission android:name="android.permission.ACCESS_FINE_LOCATION" />
13-->src\main\AndroidManifest.xml:8:5-79
13-->src\main\AndroidManifest.xml:8:22-76
14    <uses-permission android:name="android.permission.ACCESS_BACKGROUND_LOCATION" />
14-->src\main\AndroidManifest.xml:10:5-85
14-->src\main\AndroidManifest.xml:10:22-82
15
16    <queries>
16-->[com.kakao.sdk:v2-navi:2.12.1] AndroidManifest.xml:9:5-12:15
17        <package android:name="com.locnall.KimGiSa" />
17-->[com.kakao.sdk:v2-navi:2.12.1] AndroidManifest.xml:10:9-55
17-->[com.kakao.sdk:v2-navi:2.12.1] AndroidManifest.xml:10:18-52
18        <package android:name="com.lguplus.navi" />
18-->[com.kakao.sdk:v2-navi:2.12.1] AndroidManifest.xml:11:9-52
18-->[com.kakao.sdk:v2-navi:2.12.1] AndroidManifest.xml:11:18-49
19        <package android:name="com.kakao.talk" />
19-->[com.kakao.sdk:v2-common:2.12.1] AndroidManifest.xml:10:9-50
19-->[com.kakao.sdk:v2-common:2.12.1] AndroidManifest.xml:10:18-47
20        <package android:name="com.kakao.talk.alpha" />
20-->[com.kakao.sdk:v2-common:2.12.1] AndroidManifest.xml:11:9-56
20-->[com.kakao.sdk:v2-common:2.12.1] AndroidManifest.xml:11:18-53
21        <package android:name="com.kakao.talk.sandbox" />
21-->[com.kakao.sdk:v2-common:2.12.1] AndroidManifest.xml:12:9-58
21-->[com.kakao.sdk:v2-common:2.12.1] AndroidManifest.xml:12:18-55
22        <package android:name="com.kakao.onetalk" />
22-->[com.kakao.sdk:v2-common:2.12.1] AndroidManifest.xml:13:9-53
22-->[com.kakao.sdk:v2-common:2.12.1] AndroidManifest.xml:13:18-50
23
24        <intent>
24-->[com.kakao.sdk:v2-common:2.12.1] AndroidManifest.xml:15:9-21:18
25            <action android:name="android.intent.action.VIEW" />
25-->src\main\AndroidManifest.xml:34:17-68
25-->src\main\AndroidManifest.xml:34:25-66
26
27            <category android:name="android.intent.category.BROWSABLE" />
27-->src\main\AndroidManifest.xml:36:17-77
27-->src\main\AndroidManifest.xml:36:27-75
28
29            <data android:scheme="https" />
29-->src\main\AndroidManifest.xml:39:17-40:63
29-->src\main\AndroidManifest.xml:40:21-61
30        </intent>
31    </queries>
32
33    <permission
33-->[androidx.core:core:1.13.1] AndroidManifest.xml:22:5-24:47
34        android:name="com.example.ridingbud.DYNAMIC_RECEIVER_NOT_EXPORTED_PERMISSION"
34-->[androidx.core:core:1.13.1] AndroidManifest.xml:23:9-81
35        android:protectionLevel="signature" />
35-->[androidx.core:core:1.13.1] AndroidManifest.xml:24:9-44
36
37    <uses-permission android:name="com.example.ridingbud.DYNAMIC_RECEIVER_NOT_EXPORTED_PERMISSION" />
37-->[androidx.core:core:1.13.1] AndroidManifest.xml:26:5-97
37-->[androidx.core:core:1.13.1] AndroidManifest.xml:26:22-94
38
39    <meta-data
39-->[com.kakao.maps.open:android:2.9.5] AndroidManifest.xml:7:5-9:29
40        android:name="com.kakao.vectormap.version.code"
40-->[com.kakao.maps.open:android:2.9.5] AndroidManifest.xml:8:9-56
41        android:value="1" />
41-->[com.kakao.maps.open:android:2.9.5] AndroidManifest.xml:9:9-26
42
43    <application
43-->src\main\AndroidManifest.xml:12:5-96:19
44        android:name="com.example.ridingbud.ApplicationClass"
44-->src\main\AndroidManifest.xml:13:9-41
45        android:allowBackup="true"
45-->src\main\AndroidManifest.xml:14:9-35
46        android:appComponentFactory="androidx.core.app.CoreComponentFactory"
46-->[androidx.core:core:1.13.1] AndroidManifest.xml:28:18-86
47        android:dataExtractionRules="@xml/data_extraction_rules"
47-->src\main\AndroidManifest.xml:15:9-65
48        android:debuggable="true"
49        android:extractNativeLibs="false"
50        android:fullBackupContent="@xml/backup_rules"
50-->src\main\AndroidManifest.xml:16:9-54
51        android:icon="@mipmap/ic_launcher"
51-->src\main\AndroidManifest.xml:17:9-43
52        android:label="@string/app_name"
52-->src\main\AndroidManifest.xml:18:9-41
53        android:roundIcon="@mipmap/ic_launcher_round"
53-->src\main\AndroidManifest.xml:19:9-54
54        android:supportsRtl="true"
54-->src\main\AndroidManifest.xml:20:9-35
55        android:testOnly="true"
56        android:theme="@style/Theme.RidingBud"
56-->src\main\AndroidManifest.xml:21:9-47
57        android:usesCleartextTraffic="true" >
57-->src\main\AndroidManifest.xml:22:9-44
58
59        <!-- >Native Key 필요< -->
60        <!-- <meta-data -->
61        <!-- android:name="com.kakao.sdk.AppKey" -->
62        <!-- android:value="@string/kakao_app_key"/> -->
63
64        <activity
64-->src\main\AndroidManifest.xml:30:9-42:20
65            android:name="com.kakao.sdk.auth.AuthCodeHandlerActivity"
65-->src\main\AndroidManifest.xml:31:13-70
66            android:exported="true"
66-->src\main\AndroidManifest.xml:32:13-36
67            android:launchMode="singleTask"
67-->[com.kakao.sdk:v2-auth:2.12.1] AndroidManifest.xml:18:13-44
68            android:theme="@style/TransparentCompat" >
68-->[com.kakao.sdk:v2-auth:2.12.1] AndroidManifest.xml:19:13-53
69            <intent-filter>
69-->src\main\AndroidManifest.xml:33:13-41:29
70                <action android:name="android.intent.action.VIEW" />
70-->src\main\AndroidManifest.xml:34:17-68
70-->src\main\AndroidManifest.xml:34:25-66
71
72                <category android:name="android.intent.category.DEFAULT" />
72-->src\main\AndroidManifest.xml:35:17-75
72-->src\main\AndroidManifest.xml:35:27-73
73                <category android:name="android.intent.category.BROWSABLE" />
73-->src\main\AndroidManifest.xml:36:17-77
73-->src\main\AndroidManifest.xml:36:27-75
74
75                <!-- >Native Key 필요< -->
76                <data
76-->src\main\AndroidManifest.xml:39:17-40:63
77                    android:host="oauth"
77-->src\main\AndroidManifest.xml:39:23-43
78                    android:scheme="@string/kakao_app_key_2" />
78-->src\main\AndroidManifest.xml:40:21-61
79            </intent-filter>
80        </activity>
81        <activity
81-->src\main\AndroidManifest.xml:44:9-53:20
82            android:name="com.example.ridingbud.ui.SplashActivity"
82-->src\main\AndroidManifest.xml:45:13-46
83            android:exported="true"
83-->src\main\AndroidManifest.xml:46:13-36
84            android:theme="@style/Splash" >
84-->src\main\AndroidManifest.xml:47:13-42
85            <intent-filter>
85-->src\main\AndroidManifest.xml:48:13-52:29
86                <action android:name="android.intent.action.MAIN" />
86-->src\main\AndroidManifest.xml:49:17-69
86-->src\main\AndroidManifest.xml:49:25-66
87
88                <category android:name="android.intent.category.LAUNCHER" />
88-->src\main\AndroidManifest.xml:51:17-77
88-->src\main\AndroidManifest.xml:51:27-74
89            </intent-filter>
90        </activity>
91        <activity
91-->src\main\AndroidManifest.xml:54:9-56:39
92            android:name="com.example.ridingbud.ui.PermissionActivity"
92-->src\main\AndroidManifest.xml:55:13-50
93            android:exported="false" />
93-->src\main\AndroidManifest.xml:56:13-37
94        <activity
94-->src\main\AndroidManifest.xml:57:9-59:39
95            android:name="com.example.ridingbud.ui.user.LoginActivity"
95-->src\main\AndroidManifest.xml:58:13-50
96            android:exported="false" />
96-->src\main\AndroidManifest.xml:59:13-37
97        <activity
97-->src\main\AndroidManifest.xml:60:9-62:39
98            android:name="com.example.ridingbud.ui.user.FindIdActivity"
98-->src\main\AndroidManifest.xml:61:13-51
99            android:exported="false" />
99-->src\main\AndroidManifest.xml:62:13-37
100        <activity
100-->src\main\AndroidManifest.xml:63:9-65:39
101            android:name="com.example.ridingbud.ui.user.FindPasswordActivity"
101-->src\main\AndroidManifest.xml:64:13-57
102            android:exported="false" />
102-->src\main\AndroidManifest.xml:65:13-37
103        <activity
103-->src\main\AndroidManifest.xml:66:9-68:39
104            android:name="com.example.ridingbud.ui.user.SignupActivity"
104-->src\main\AndroidManifest.xml:67:13-51
105            android:exported="false" />
105-->src\main\AndroidManifest.xml:68:13-37
106        <activity
106-->src\main\AndroidManifest.xml:69:9-71:39
107            android:name="com.example.ridingbud.ui.MainActivity"
107-->src\main\AndroidManifest.xml:70:13-44
108            android:exported="false" />
108-->src\main\AndroidManifest.xml:71:13-37
109        <activity
109-->src\main\AndroidManifest.xml:72:9-74:39
110            android:name="com.example.ridingbud.ui.riding.RidingActivity"
110-->src\main\AndroidManifest.xml:73:13-53
111            android:exported="false" />
111-->src\main\AndroidManifest.xml:74:13-37
112        <activity
112-->src\main\AndroidManifest.xml:75:9-77:39
113            android:name="com.example.ridingbud.ui.mypage.MyBookmarkListActivity"
113-->src\main\AndroidManifest.xml:76:13-61
114            android:exported="false" />
114-->src\main\AndroidManifest.xml:77:13-37
115        <activity
115-->src\main\AndroidManifest.xml:78:9-80:39
116            android:name="com.example.ridingbud.ui.mypage.MyReviewListActivity"
116-->src\main\AndroidManifest.xml:79:13-59
117            android:exported="false" />
117-->src\main\AndroidManifest.xml:80:13-37
118        <activity
118-->src\main\AndroidManifest.xml:81:9-83:39
119            android:name="com.example.ridingbud.ui.mypage.MyReviewActivity"
119-->src\main\AndroidManifest.xml:82:13-55
120            android:exported="false" />
120-->src\main\AndroidManifest.xml:83:13-37
121        <activity
121-->src\main\AndroidManifest.xml:84:9-86:39
122            android:name="com.example.ridingbud.ui.mypage.ProfileSettingActivity"
122-->src\main\AndroidManifest.xml:85:13-61
123            android:exported="false" />
123-->src\main\AndroidManifest.xml:86:13-37
124        <activity
124-->src\main\AndroidManifest.xml:87:9-89:39
125            android:name="com.example.ridingbud.ui.community.CourseDetailActivity"
125-->src\main\AndroidManifest.xml:88:13-62
126            android:exported="false" />
126-->src\main\AndroidManifest.xml:89:13-37
127        <activity
127-->src\main\AndroidManifest.xml:90:9-92:39
128            android:name="com.example.ridingbud.ui.community.ReviewActivity"
128-->src\main\AndroidManifest.xml:91:13-56
129            android:exported="false" />
129-->src\main\AndroidManifest.xml:92:13-37
130        <activity
130-->src\main\AndroidManifest.xml:93:9-95:39
131            android:name="com.example.ridingbud.ui.convenience.ConvenienceActivity"
131-->src\main\AndroidManifest.xml:94:13-63
132            android:exported="false" />
132-->src\main\AndroidManifest.xml:95:13-37
133        <activity
133-->[com.kakao.sdk:v2-friend:2.12.1] AndroidManifest.xml:13:9-16:59
134            android:name="com.kakao.sdk.friend.view.FullPickerActivity"
134-->[com.kakao.sdk:v2-friend:2.12.1] AndroidManifest.xml:14:13-72
135            android:theme="@style/DayNightFull"
135-->[com.kakao.sdk:v2-friend:2.12.1] AndroidManifest.xml:15:13-48
136            android:windowSoftInputMode="adjustNothing" />
136-->[com.kakao.sdk:v2-friend:2.12.1] AndroidManifest.xml:16:13-56
137        <activity
137-->[com.kakao.sdk:v2-friend:2.12.1] AndroidManifest.xml:17:9-19:52
138            android:name="com.kakao.sdk.friend.view.PopupPickerActivity"
138-->[com.kakao.sdk:v2-friend:2.12.1] AndroidManifest.xml:18:13-73
139            android:theme="@style/DayNightPopup" />
139-->[com.kakao.sdk:v2-friend:2.12.1] AndroidManifest.xml:19:13-49
140        <activity
140-->[com.kakao.sdk:v2-auth:2.12.1] AndroidManifest.xml:10:9-15:56
141            android:name="com.kakao.sdk.auth.TalkAuthCodeActivity"
141-->[com.kakao.sdk:v2-auth:2.12.1] AndroidManifest.xml:11:13-67
142            android:configChanges="orientation|screenSize|keyboardHidden"
142-->[com.kakao.sdk:v2-auth:2.12.1] AndroidManifest.xml:12:13-74
143            android:exported="false"
143-->[com.kakao.sdk:v2-auth:2.12.1] AndroidManifest.xml:13:13-37
144            android:launchMode="singleTask"
144-->[com.kakao.sdk:v2-auth:2.12.1] AndroidManifest.xml:14:13-44
145            android:theme="@style/TransparentCompat" />
145-->[com.kakao.sdk:v2-auth:2.12.1] AndroidManifest.xml:15:13-53
146        <activity
146-->[com.google.android.gms:play-services-base:18.5.0] AndroidManifest.xml:5:9-173
147            android:name="com.google.android.gms.common.api.GoogleApiActivity"
147-->[com.google.android.gms:play-services-base:18.5.0] AndroidManifest.xml:5:19-85
148            android:exported="false"
148-->[com.google.android.gms:play-services-base:18.5.0] AndroidManifest.xml:5:146-170
149            android:theme="@android:style/Theme.Translucent.NoTitleBar" />
149-->[com.google.android.gms:play-services-base:18.5.0] AndroidManifest.xml:5:86-145
150
151        <meta-data
151-->[com.google.android.gms:play-services-basement:18.4.0] AndroidManifest.xml:6:9-122
152            android:name="com.google.android.gms.version"
152-->[com.google.android.gms:play-services-basement:18.4.0] AndroidManifest.xml:6:20-65
153            android:value="@integer/google_play_services_version" />
153-->[com.google.android.gms:play-services-basement:18.4.0] AndroidManifest.xml:6:66-119
154
155        <provider
155-->[androidx.emoji2:emoji2:1.3.0] AndroidManifest.xml:24:9-32:20
156            android:name="androidx.startup.InitializationProvider"
156-->[androidx.emoji2:emoji2:1.3.0] AndroidManifest.xml:25:13-67
157            android:authorities="com.example.ridingbud.androidx-startup"
157-->[androidx.emoji2:emoji2:1.3.0] AndroidManifest.xml:26:13-68
158            android:exported="false" >
158-->[androidx.emoji2:emoji2:1.3.0] AndroidManifest.xml:27:13-37
159            <meta-data
159-->[androidx.emoji2:emoji2:1.3.0] AndroidManifest.xml:29:13-31:52
160                android:name="androidx.emoji2.text.EmojiCompatInitializer"
160-->[androidx.emoji2:emoji2:1.3.0] AndroidManifest.xml:30:17-75
161                android:value="androidx.startup" />
161-->[androidx.emoji2:emoji2:1.3.0] AndroidManifest.xml:31:17-49
162            <meta-data
162-->[androidx.lifecycle:lifecycle-process:2.8.1] AndroidManifest.xml:29:13-31:52
163                android:name="androidx.lifecycle.ProcessLifecycleInitializer"
163-->[androidx.lifecycle:lifecycle-process:2.8.1] AndroidManifest.xml:30:17-78
164                android:value="androidx.startup" />
164-->[androidx.lifecycle:lifecycle-process:2.8.1] AndroidManifest.xml:31:17-49
165            <meta-data
165-->[androidx.profileinstaller:profileinstaller:1.3.1] AndroidManifest.xml:29:13-31:52
166                android:name="androidx.profileinstaller.ProfileInstallerInitializer"
166-->[androidx.profileinstaller:profileinstaller:1.3.1] AndroidManifest.xml:30:17-85
167                android:value="androidx.startup" />
167-->[androidx.profileinstaller:profileinstaller:1.3.1] AndroidManifest.xml:31:17-49
168        </provider>
169
170        <receiver
170-->[androidx.profileinstaller:profileinstaller:1.3.1] AndroidManifest.xml:34:9-52:20
171            android:name="androidx.profileinstaller.ProfileInstallReceiver"
171-->[androidx.profileinstaller:profileinstaller:1.3.1] AndroidManifest.xml:35:13-76
172            android:directBootAware="false"
172-->[androidx.profileinstaller:profileinstaller:1.3.1] AndroidManifest.xml:36:13-44
173            android:enabled="true"
173-->[androidx.profileinstaller:profileinstaller:1.3.1] AndroidManifest.xml:37:13-35
174            android:exported="true"
174-->[androidx.profileinstaller:profileinstaller:1.3.1] AndroidManifest.xml:38:13-36
175            android:permission="android.permission.DUMP" >
175-->[androidx.profileinstaller:profileinstaller:1.3.1] AndroidManifest.xml:39:13-57
176            <intent-filter>
176-->[androidx.profileinstaller:profileinstaller:1.3.1] AndroidManifest.xml:40:13-42:29
177                <action android:name="androidx.profileinstaller.action.INSTALL_PROFILE" />
177-->[androidx.profileinstaller:profileinstaller:1.3.1] AndroidManifest.xml:41:17-91
177-->[androidx.profileinstaller:profileinstaller:1.3.1] AndroidManifest.xml:41:25-88
178            </intent-filter>
179            <intent-filter>
179-->[androidx.profileinstaller:profileinstaller:1.3.1] AndroidManifest.xml:43:13-45:29
180                <action android:name="androidx.profileinstaller.action.SKIP_FILE" />
180-->[androidx.profileinstaller:profileinstaller:1.3.1] AndroidManifest.xml:44:17-85
180-->[androidx.profileinstaller:profileinstaller:1.3.1] AndroidManifest.xml:44:25-82
181            </intent-filter>
182            <intent-filter>
182-->[androidx.profileinstaller:profileinstaller:1.3.1] AndroidManifest.xml:46:13-48:29
183                <action android:name="androidx.profileinstaller.action.SAVE_PROFILE" />
183-->[androidx.profileinstaller:profileinstaller:1.3.1] AndroidManifest.xml:47:17-88
183-->[androidx.profileinstaller:profileinstaller:1.3.1] AndroidManifest.xml:47:25-85
184            </intent-filter>
185            <intent-filter>
185-->[androidx.profileinstaller:profileinstaller:1.3.1] AndroidManifest.xml:49:13-51:29
186                <action android:name="androidx.profileinstaller.action.BENCHMARK_OPERATION" />
186-->[androidx.profileinstaller:profileinstaller:1.3.1] AndroidManifest.xml:50:17-95
186-->[androidx.profileinstaller:profileinstaller:1.3.1] AndroidManifest.xml:50:25-92
187            </intent-filter>
188        </receiver>
189    </application>
190
191</manifest>